<?xml version="1.0" encoding="UTF-8"?>
<testng-results ignored="0" total="1" passed="1" failed="0" skipped="0">
  <reporter-output>
  </reporter-output>
  <suite started-at="2024-04-02T22:40:22 IST" name="Default suite" finished-at="2024-04-02T22:40:38 IST" duration-ms="16679">
    <groups>
    </groups>
    <test started-at="2024-04-02T22:40:22 IST" name="Default test" finished-at="2024-04-02T22:40:38 IST" duration-ms="16679">
      <class name="Stepdefinition.Excel_Data_Provider">
        <test-method is-config="true" signature="before()[pri:0, instance:Stepdefinition.Excel_Data_Provider@8519cb4]" started-at="2024-04-02T22:40:22 IST" name="before" finished-at="2024-04-02T22:40:38 IST" duration-ms="15955" status="PASS">
          <reporter-output>
          </reporter-output>
        </test-method> <!-- before -->
        <test-method signature="offers(java.lang.String)[pri:0, instance:Stepdefinition.Excel_Data_Provider@8519cb4]" started-at="2024-04-02T22:40:38 IST" name="offers" data-provider="testdata" finished-at="2024-04-02T22:40:38 IST" duration-ms="35" status="PASS">
          <params>
            <param index="0">
              <value>
                <![CDATA[Up to 40% OFF* on Premium Hotels, Homestays & Villas!]]>
              </value>
            </param>
          </params>
          <reporter-output>
          </reporter-output>
        </test-method> <!-- offers -->
      </class> <!-- Stepdefinition.Excel_Data_Provider -->
    </test> <!-- Default test -->
  </suite> <!-- Default suite -->
</testng-results>
